#
# A fatal error has been detected by the Java Runtime Environment:
#
#  EXCEPTION_ACCESS_VIOLATION (0xc0000005) at pc=0xffffffffa35a5120, pid=2304, tid=0x0000000000000b50
#
# JRE version: OpenJDK Runtime Environment (8.0_112-b06) (build 1.8.0_112-release-b06)
# Java VM: OpenJDK 64-Bit Server VM (25.112-b06 mixed mode windows-amd64 compressed oops)
# Problematic frame:
# C  0xffffffffa35a5120
#
# Failed to write core dump. Minidumps are not enabled by default on client versions of Windows
#
# If you would like to submit a bug report, please visit:
#   http://bugreport.java.com/bugreport/crash.jsp
#

---------------  T H R E A D  ---------------

Current thread (0x0000000058a1a800):  JavaThread "Daemon worker" [_thread_in_Java, id=2896, stack(0x0000000059d00000,0x0000000059e00000)]

siginfo: ExceptionCode=0xc0000005, ExceptionInformation=0x0000000000000008 0xffffffffa35a5120

Registers:
RAX=0x0000000015c397c0, RBX=0x00000000a0320c80, RCX=0x000000001570c1c8, RDX=0x00000000e0140740
RSP=0x0000000059dfc128, RBP=0x00000000e0140728, RSI=0x0000000015c397c0, RDI=0x000000001570c1c8
R8 =0x00000000e0140728, R9 =0x0000000015c397c0, R10=0x0000000015c397c0, R11=0x0000000000000000
R12=0x0000000000000000, R13=0x00000000e0140740, R14=0x0000000059dfc308, R15=0x0000000058a1a800
RIP=0xffffffffa35a5120, EFLAGS=0x0000000000010246

Top of Stack: (sp=0x0000000059dfc128)
0x0000000059dfc128:   00000000028a0b3c 00000000a0320c80
0x0000000059dfc138:   0000000000000000 0000000000000000
0x0000000059dfc148:   0000000000000000 00000000e013b688
0x0000000059dfc158:   000000005d332d89 0000000059dfc1a8
0x0000000059dfc168:   00000000e0140770 0000000059dfc1e8
0x0000000059dfc178:   00000000025a7e00 0000000059dfc2c0
0x0000000059dfc188:   0000000002f9aa84 00000000ffffffff
0x0000000059dfc198:   00000000a2aa1400 00000000e01407b0
0x0000000059dfc1a8:   0000000059dfc1a8 000000005fc11a7c
0x0000000059dfc1b8:   0000000059dfc218 000000005fc13d10
0x0000000059dfc1c8:   0000000000000000 000000005fc11ad8
0x0000000059dfc1d8:   0000000000000000 00000000e0140728
0x0000000059dfc1e8:   00000000e01407b0 0000000000000001
0x0000000059dfc1f8:   00000000a2aa1400 00000000e01407b0
0x0000000059dfc208:   00000000ffffffff 00000000a2aa1400
0x0000000059dfc218:   00000000e01407b0 0000000000000000 

Instructions: (pc=0xffffffffa35a5120)
0xffffffffa35a5100:   
[error occurred during error reporting (printing registers, top of stack, instructions near pc), id 0xc0000005]

Register to memory mapping:

RAX=0x0000000015c397c0 is pointing into metadata
RBX=0x00000000a0320c80 is an oop
java.lang.String 
 - klass: 'java/lang/String'
RCX=0x000000001570c1c8 is pointing into metadata
RDX=0x00000000e0140740 is an oop
com.sun.org.apache.xerces.internal.dom.DeferredAttrNSImpl 
 - klass: 'com/sun/org/apache/xerces/internal/dom/DeferredAttrNSImpl'
RSP=0x0000000059dfc128 is pointing into the stack for thread: 0x0000000058a1a800
RBP=0x00000000e0140728 is an oop
com.sun.org.apache.xerces.internal.dom.AttributeMap 
 - klass: 'com/sun/org/apache/xerces/internal/dom/AttributeMap'
RSI=0x0000000015c397c0 is pointing into metadata
RDI=0x000000001570c1c8 is pointing into metadata
R8 =0x00000000e0140728 is an oop
com.sun.org.apache.xerces.internal.dom.AttributeMap 
 - klass: 'com/sun/org/apache/xerces/internal/dom/AttributeMap'
R9 =0x0000000015c397c0 is pointing into metadata
R10=0x0000000015c397c0 is pointing into metadata
R11=0x0000000000000000 is an unknown value
R12=0x0000000000000000 is an unknown value
R13=0x00000000e0140740 is an oop
com.sun.org.apache.xerces.internal.dom.DeferredAttrNSImpl 
 - klass: 'com/sun/org/apache/xerces/internal/dom/DeferredAttrNSImpl'
R14=0x0000000059dfc308 is pointing into the stack for thread: 0x0000000058a1a800
R15=0x0000000058a1a800 is a thread


Stack: [0x0000000059d00000,0x0000000059e00000],  sp=0x0000000059dfc128,  free space=1008k
Native frames: (J=compiled Java code, j=interpreted, Vv=VM code, C=native code)
C  0xffffffffa35a5120


---------------  P R O C E S S  ---------------

Java Threads: ( => current thread )
  0x000000005af7f000 JavaThread "Cache update executor" [_thread_blocked, id=2936, stack(0x0000000059fd0000,0x000000005a0d0000)]
  0x000000005af7e800 JavaThread "Stdin handler" [_thread_blocked, id=3576, stack(0x000000005fa00000,0x000000005fb00000)]
  0x000000005af7d800 JavaThread "Asynchronous log dispatcher for DefaultDaemonConnection: socket connection from /127.0.0.1:52210 to /127.0.0.1:52230" [_thread_blocked, id=3740, stack(0x0000000059ec0000,0x0000000059fc0000)]
  0x000000005af7d000 JavaThread "Cancel handler" [_thread_blocked, id=1872, stack(0x0000000059af0000,0x0000000059bf0000)]
  0x000000005af7c000 JavaThread "Handler for socket connection from /127.0.0.1:52210 to /127.0.0.1:52230" [_thread_in_native, id=2280, stack(0x0000000059830000,0x0000000059930000)]
  0x0000000058fd0800 JavaThread "File lock request listener" [_thread_in_native, id=1684, stack(0x000000005b340000,0x000000005b440000)]
=>0x0000000058a1a800 JavaThread "Daemon worker" [_thread_in_Java, id=2896, stack(0x0000000059d00000,0x0000000059e00000)]
  0x000000005872b800 JavaThread "Daemon" [_thread_blocked, id=200, stack(0x0000000059930000,0x0000000059a30000)]
  0x0000000058447000 JavaThread "pool-1-thread-1" [_thread_blocked, id=3304, stack(0x0000000057830000,0x0000000057930000)]
  0x00000000580ac800 JavaThread "Incoming local TCP Connector on port 52210" [_thread_in_native, id=3664, stack(0x0000000058170000,0x0000000058270000)]
  0x0000000055e47800 JavaThread "Service Thread" daemon [_thread_blocked, id=3496, stack(0x00000000572b0000,0x00000000573b0000)]
  0x0000000055e43800 JavaThread "C1 CompilerThread1" daemon [_thread_blocked, id=1352, stack(0x0000000057120000,0x0000000057220000)]
  0x0000000055de6800 JavaThread "C2 CompilerThread0" daemon [_thread_blocked, id=4048, stack(0x0000000056fb0000,0x00000000570b0000)]
  0x0000000055de5000 JavaThread "Attach Listener" daemon [_thread_blocked, id=1616, stack(0x0000000056e20000,0x0000000056f20000)]
  0x0000000055de3800 JavaThread "Signal Dispatcher" daemon [_thread_blocked, id=2632, stack(0x0000000056ca0000,0x0000000056da0000)]
  0x0000000055dcc000 JavaThread "Finalizer" daemon [_thread_blocked, id=2576, stack(0x0000000056b90000,0x0000000056c90000)]
  0x0000000055d82800 JavaThread "Reference Handler" daemon [_thread_blocked, id=3140, stack(0x0000000056a30000,0x0000000056b30000)]
  0x000000000026d800 JavaThread "main" [_thread_blocked, id=2100, stack(0x00000000021d0000,0x00000000022d0000)]

Other Threads:
  0x0000000055d7a800 VMThread [stack: 0x00000000567f0000,0x00000000568f0000] [id=3588]
  0x0000000055e49000 WatcherThread [stack: 0x00000000566d0000,0x00000000567d0000] [id=4084]

VM state:not at safepoint (normal execution)

VM Mutex/Monitor currently owned by a thread: None

Heap:
 PSYoungGen      total 267776K, used 8002K [0x00000000e0000000, 0x00000000f1f00000, 0x0000000100000000)
  eden space 245760K, 3% used [0x00000000e0000000,0x00000000e07d0988,0x00000000ef000000)
  from space 22016K, 0% used [0x00000000f0500000,0x00000000f0500000,0x00000000f1a80000)
  to   space 21504K, 0% used [0x00000000ef000000,0x00000000ef000000,0x00000000f0500000)
 ParOldGen       total 94720K, used 46168K [0x00000000a0000000, 0x00000000a5c80000, 0x00000000e0000000)
  object space 94720K, 48% used [0x00000000a0000000,0x00000000a2d16388,0x00000000a5c80000)
 Metaspace       used 56677K, capacity 59030K, committed 59284K, reserved 1099776K
  class space    used 7649K, capacity 8150K, committed 8192K, reserved 1048576K

Card table byte_map: [0x0000000011960000,0x0000000011c70000] byte_map_base: 0x0000000011460000

Marking Bits: (ParMarkBitMap*) 0x000000006bb618f0
 Begin Bits: [0x0000000012150000, 0x0000000013950000)
 End Bits:   [0x0000000013950000, 0x0000000015150000)

Polling page: 0x0000000000210000

CodeCache: size=245760Kb used=25989Kb max_used=26264Kb free=219770Kb
 bounds [0x00000000025a0000, 0x0000000003f80000, 0x00000000115a0000]
 total_blobs=8044 nmethods=7292 adapters=665
 compilation: enabled

Compilation events (10 events):
Event: 65.860 Thread 0x0000000055e43800 nmethod 8256 0x0000000002d00c90 code [0x0000000002d00e40, 0x0000000002d01538]
Event: 65.860 Thread 0x0000000055e43800 8257       1       com.android.resources.ResourceType::getName (5 bytes)
Event: 65.860 Thread 0x0000000055e43800 nmethod 8257 0x0000000003015510 code [0x0000000003015660, 0x0000000003015770]
Event: 65.864 Thread 0x0000000055de6800 nmethod 8258 0x0000000002af9810 code [0x0000000002af9960, 0x0000000002af9c98]
Event: 65.864 Thread 0x0000000055e43800 8259       3       com.sun.org.apache.xerces.internal.dom.AttrImpl::getNodeName (16 bytes)
Event: 65.865 Thread 0x0000000055e43800 nmethod 8259 0x000000000275dd50 code [0x000000000275dec0, 0x000000000275e248]
Event: 65.865 Thread 0x0000000055e43800 8260       1       com.android.ide.common.res2.DataItem::getName (5 bytes)
Event: 65.865 Thread 0x0000000055e43800 nmethod 8260 0x000000000301a0d0 code [0x000000000301a220, 0x000000000301a330]
Event: 65.865 Thread 0x0000000055e43800 8261       1       com.android.ide.common.res2.ResourceFile::getQualifiers (5 bytes)
Event: 65.865 Thread 0x0000000055e43800 nmethod 8261 0x0000000003977f90 code [0x00000000039780e0, 0x00000000039781f0]

GC Heap History (10 events):
Event: 36.511 GC heap before
{Heap before GC invocations=15 (full 2):
 PSYoungGen      total 125952K, used 124951K [0x00000000e0000000, 0x00000000e8700000, 0x0000000100000000)
  eden space 116736K, 100% used [0x00000000e0000000,0x00000000e7200000,0x00000000e7200000)
  from space 9216K, 89% used [0x00000000e7e00000,0x00000000e8605d98,0x00000000e8700000)
  to   space 10752K, 0% used [0x00000000e7200000,0x00000000e7200000,0x00000000e7c80000)
 ParOldGen       total 48128K, used 13974K [0x00000000a0000000, 0x00000000a2f00000, 0x00000000e0000000)
  object space 48128K, 29% used [0x00000000a0000000,0x00000000a0da5b40,0x00000000a2f00000)
 Metaspace       used 45405K, capacity 46542K, committed 46592K, reserved 1089536K
  class space    used 6074K, capacity 6357K, committed 6400K, reserved 1048576K
Event: 36.545 GC heap after
Heap after GC invocations=15 (full 2):
 PSYoungGen      total 127488K, used 8740K [0x00000000e0000000, 0x00000000ebd80000, 0x0000000100000000)
  eden space 116736K, 0% used [0x00000000e0000000,0x00000000e0000000,0x00000000e7200000)
  from space 10752K, 81% used [0x00000000e7200000,0x00000000e7a89230,0x00000000e7c80000)
  to   space 11776K, 0% used [0x00000000eb200000,0x00000000eb200000,0x00000000ebd80000)
 ParOldGen       total 48128K, used 20138K [0x00000000a0000000, 0x00000000a2f00000, 0x00000000e0000000)
  object space 48128K, 41% used [0x00000000a0000000,0x00000000a13aaa18,0x00000000a2f00000)
 Metaspace       used 45405K, capacity 46542K, committed 46592K, reserved 1089536K
  class space    used 6074K, capacity 6357K, committed 6400K, reserved 1048576K
}
Event: 41.405 GC heap before
{Heap before GC invocations=16 (full 2):
 PSYoungGen      total 127488K, used 125476K [0x00000000e0000000, 0x00000000ebd80000, 0x0000000100000000)
  eden space 116736K, 100% used [0x00000000e0000000,0x00000000e7200000,0x00000000e7200000)
  from space 10752K, 81% used [0x00000000e7200000,0x00000000e7a89230,0x00000000e7c80000)
  to   space 11776K, 0% used [0x00000000eb200000,0x00000000eb200000,0x00000000ebd80000)
 ParOldGen       total 48128K, used 20138K [0x00000000a0000000, 0x00000000a2f00000, 0x00000000e0000000)
  object space 48128K, 41% used [0x00000000a0000000,0x00000000a13aaa18,0x00000000a2f00000)
 Metaspace       used 49993K, capacity 51536K, committed 51840K, reserved 1093632K
  class space    used 6800K, capacity 7186K, committed 7296K, reserved 1048576K
Event: 41.462 GC heap after
Heap after GC invocations=16 (full 2):
 PSYoungGen      total 178688K, used 11757K [0x00000000e0000000, 0x00000000ec280000, 0x0000000100000000)
  eden space 166912K, 0% used [0x00000000e0000000,0x00000000e0000000,0x00000000ea300000)
  from space 11776K, 99% used [0x00000000eb200000,0x00000000ebd7b578,0x00000000ebd80000)
  to   space 15360K, 0% used [0x00000000ea300000,0x00000000ea300000,0x00000000eb200000)
 ParOldGen       total 48128K, used 24935K [0x00000000a0000000, 0x00000000a2f00000, 0x00000000e0000000)
  object space 48128K, 51% used [0x00000000a0000000,0x00000000a1859dd8,0x00000000a2f00000)
 Metaspace       used 49993K, capacity 51536K, committed 51840K, reserved 1093632K
  class space    used 6800K, capacity 7186K, committed 7296K, reserved 1048576K
}
Event: 60.194 GC heap before
{Heap before GC invocations=17 (full 2):
 PSYoungGen      total 178688K, used 178669K [0x00000000e0000000, 0x00000000ec280000, 0x0000000100000000)
  eden space 166912K, 100% used [0x00000000e0000000,0x00000000ea300000,0x00000000ea300000)
  from space 11776K, 99% used [0x00000000eb200000,0x00000000ebd7b578,0x00000000ebd80000)
  to   space 15360K, 0% used [0x00000000ea300000,0x00000000ea300000,0x00000000eb200000)
 ParOldGen       total 48128K, used 24935K [0x00000000a0000000, 0x00000000a2f00000, 0x00000000e0000000)
  object space 48128K, 51% used [0x00000000a0000000,0x00000000a1859dd8,0x00000000a2f00000)
 Metaspace       used 56232K, capacity 58612K, committed 58880K, reserved 1099776K
  class space    used 7595K, capacity 8117K, committed 8192K, reserved 1048576K
Event: 61.446 GC heap after
Heap after GC invocations=17 (full 2):
 PSYoungGen      total 182272K, used 15352K [0x00000000e0000000, 0x00000000f1a80000, 0x0000000100000000)
  eden space 166912K, 0% used [0x00000000e0000000,0x00000000e0000000,0x00000000ea300000)
  from space 15360K, 99% used [0x00000000ea300000,0x00000000eb1fe1e0,0x00000000eb200000)
  to   space 22016K, 0% used [0x00000000f0500000,0x00000000f0500000,0x00000000f1a80000)
 ParOldGen       total 48128K, used 36903K [0x00000000a0000000, 0x00000000a2f00000, 0x00000000e0000000)
  object space 48128K, 76% used [0x00000000a0000000,0x00000000a2409e00,0x00000000a2f00000)
 Metaspace       used 56232K, capacity 58612K, committed 58880K, reserved 1099776K
  class space    used 7595K, capacity 8117K, committed 8192K, reserved 1048576K
}
Event: 63.101 GC heap before
{Heap before GC invocations=18 (full 2):
 PSYoungGen      total 182272K, used 28325K [0x00000000e0000000, 0x00000000f1a80000, 0x0000000100000000)
  eden space 166912K, 7% used [0x00000000e0000000,0x00000000e0cab3e8,0x00000000ea300000)
  from space 15360K, 99% used [0x00000000ea300000,0x00000000eb1fe1e0,0x00000000eb200000)
  to   space 22016K, 0% used [0x00000000f0500000,0x00000000f0500000,0x00000000f1a80000)
 ParOldGen       total 48128K, used 36903K [0x00000000a0000000, 0x00000000a2f00000, 0x00000000e0000000)
  object space 48128K, 76% used [0x00000000a0000000,0x00000000a2409e00,0x00000000a2f00000)
 Metaspace       used 56640K, capacity 58966K, committed 59028K, reserved 1099776K
  class space    used 7639K, capacity 8150K, committed 8192K, reserved 1048576K
Event: 63.295 GC heap after
Heap after GC invocations=18 (full 2):
 PSYoungGen      total 267776K, used 2993K [0x00000000e0000000, 0x00000000f1f00000, 0x0000000100000000)
  eden space 245760K, 0% used [0x00000000e0000000,0x00000000e0000000,0x00000000ef000000)
  from space 22016K, 13% used [0x00000000f0500000,0x00000000f07ec798,0x00000000f1a80000)
  to   space 21504K, 0% used [0x00000000ef000000,0x00000000ef000000,0x00000000f0500000)
 ParOldGen       total 51200K, used 51057K [0x00000000a0000000, 0x00000000a3200000, 0x00000000e0000000)
  object space 51200K, 99% used [0x00000000a0000000,0x00000000a31dc5d0,0x00000000a3200000)
 Metaspace       used 56640K, capacity 58966K, committed 59028K, reserved 1099776K
  class space    used 7639K, capacity 8150K, committed 8192K, reserved 1048576K
}
Event: 63.295 GC heap before
{Heap before GC invocations=19 (full 3):
 PSYoungGen      total 267776K, used 2993K [0x00000000e0000000, 0x00000000f1f00000, 0x0000000100000000)
  eden space 245760K, 0% used [0x00000000e0000000,0x00000000e0000000,0x00000000ef000000)
  from space 22016K, 13% used [0x00000000f0500000,0x00000000f07ec798,0x00000000f1a80000)
  to   space 21504K, 0% used [0x00000000ef000000,0x00000000ef000000,0x00000000f0500000)
 ParOldGen       total 51200K, used 51057K [0x00000000a0000000, 0x00000000a3200000, 0x00000000e0000000)
  object space 51200K, 99% used [0x00000000a0000000,0x00000000a31dc5d0,0x00000000a3200000)
 Metaspace       used 56640K, capacity 58966K, committed 59028K, reserved 1099776K
  class space    used 7639K, capacity 8150K, committed 8192K, reserved 1048576K
Event: 65.794 GC heap after
Heap after GC invocations=19 (full 3):
 PSYoungGen      total 267776K, used 0K [0x00000000e0000000, 0x00000000f1f00000, 0x0000000100000000)
  eden space 245760K, 0% used [0x00000000e0000000,0x00000000e0000000,0x00000000ef000000)
  from space 22016K, 0% used [0x00000000f0500000,0x00000000f0500000,0x00000000f1a80000)
  to   space 21504K, 0% used [0x00000000ef000000,0x00000000ef000000,0x00000000f0500000)
 ParOldGen       total 94720K, used 46168K [0x00000000a0000000, 0x00000000a5c80000, 0x00000000e0000000)
  object space 94720K, 48% used [0x00000000a0000000,0x00000000a2d16388,0x00000000a5c80000)
 Metaspace       used 56640K, capacity 58966K, committed 59028K, reserved 1099776K
  class space    used 7639K, capacity 8150K, committed 8192K, reserved 1048576K
}

Deoptimization events (10 events):
Event: 62.320 Thread 0x0000000058a1a800 Uncommon trap: reason=unstable_if action=reinterpret pc=0x0000000002a45bac method=sun.nio.cs.UTF_8$Decoder.decodeArrayLoop(Ljava/nio/ByteBuffer;Ljava/nio/CharBuffer;)Ljava/nio/charset/CoderResult; @ 84
Event: 62.655 Thread 0x0000000058a1a800 Uncommon trap: reason=unstable_if action=reinterpret pc=0x0000000002a380d4 method=sun.nio.cs.UTF_8$Decoder.decodeArrayLoop(Ljava/nio/ByteBuffer;Ljava/nio/CharBuffer;)Ljava/nio/charset/CoderResult; @ 84
Event: 62.656 Thread 0x0000000058a1a800 Uncommon trap: reason=unstable_if action=reinterpret pc=0x0000000002f2739c method=com.sun.org.apache.xerces.internal.dom.DeferredDocumentImpl.ensureCapacity(I)V @ 88
Event: 62.689 Thread 0x0000000058a1a800 Uncommon trap: reason=unstable_if action=reinterpret pc=0x000000000351f7c0 method=com.sun.org.apache.xerces.internal.impl.XMLEntityScanner.scanLiteral(ILcom/sun/org/apache/xerces/internal/xni/XMLString;)I @ 44
Event: 62.694 Thread 0x0000000058a1a800 Uncommon trap: reason=speculate_class_check action=maybe_recompile pc=0x0000000003774cd4 method=com.sun.org.apache.xerces.internal.dom.ParentNode.getChildNodes()Lorg/w3c/dom/NodeList; @ 8
Event: 62.694 Thread 0x0000000058a1a800 Uncommon trap: reason=unstable_if action=reinterpret pc=0x0000000002e9c568 method=com.sun.org.apache.xerces.internal.dom.DeferredDocumentImpl.clearChunkValue([[Ljava/lang/Object;II)Ljava/lang/String; @ 3
Event: 62.696 Thread 0x0000000058a1a800 Uncommon trap: reason=speculate_class_check action=maybe_recompile pc=0x0000000003774cd4 method=com.sun.org.apache.xerces.internal.dom.ParentNode.getChildNodes()Lorg/w3c/dom/NodeList; @ 8
Event: 62.696 Thread 0x0000000058a1a800 Uncommon trap: reason=speculate_class_check action=maybe_recompile pc=0x0000000003774cd4 method=com.sun.org.apache.xerces.internal.dom.ParentNode.getChildNodes()Lorg/w3c/dom/NodeList; @ 8
Event: 62.696 Thread 0x0000000058a1a800 Uncommon trap: reason=speculate_class_check action=maybe_recompile pc=0x0000000003774cd4 method=com.sun.org.apache.xerces.internal.dom.ParentNode.getChildNodes()Lorg/w3c/dom/NodeList; @ 8
Event: 65.844 Thread 0x0000000055d82800 Uncommon trap: reason=unstable_if action=reinterpret pc=0x0000000002d516f4 method=java.lang.ref.Reference.tryHandlePending(Z)Z @ 20

Internal exceptions (10 events):
Event: 54.343 Thread 0x0000000058a1a800 Exception <a 'sun/nio/fs/WindowsException'> (0x00000000e76568a8) thrown at [C:\src\android\AOSP-openjdk\external\jetbrains\jdk\hotspot\src\share\vm\prims\jni.cpp, line 709]
Event: 54.343 Thread 0x0000000058a1a800 Exception <a 'sun/nio/fs/WindowsException'> (0x00000000e76574a0) thrown at [C:\src\android\AOSP-openjdk\external\jetbrains\jdk\hotspot\src\share\vm\prims\jni.cpp, line 709]
Event: 54.343 Thread 0x0000000058a1a800 Exception <a 'sun/nio/fs/WindowsException'> (0x00000000e76590e0) thrown at [C:\src\android\AOSP-openjdk\external\jetbrains\jdk\hotspot\src\share\vm\prims\jni.cpp, line 709]
Event: 54.343 Thread 0x0000000058a1a800 Exception <a 'sun/nio/fs/WindowsException'> (0x00000000e7659d10) thrown at [C:\src\android\AOSP-openjdk\external\jetbrains\jdk\hotspot\src\share\vm\prims\jni.cpp, line 709]
Event: 56.319 Thread 0x0000000058a1a800 Exception <a 'java/lang/NoSuchMethodError': <clinit>> (0x00000000e8b743c8) thrown at [C:\src\android\AOSP-openjdk\external\jetbrains\jdk\hotspot\src\share\vm\prims\jni.cpp, line 1613]
Event: 56.320 Thread 0x0000000058a1a800 Exception <a 'java/lang/NoSuchMethodError': <clinit>> (0x00000000e8b81c30) thrown at [C:\src\android\AOSP-openjdk\external\jetbrains\jdk\hotspot\src\share\vm\prims\jni.cpp, line 1613]
Event: 56.331 Thread 0x0000000058a1a800 Exception <a 'java/lang/NoSuchMethodError': <clinit>> (0x00000000e8bf3978) thrown at [C:\src\android\AOSP-openjdk\external\jetbrains\jdk\hotspot\src\share\vm\prims\jni.cpp, line 1613]
Event: 56.332 Thread 0x0000000058a1a800 Exception <a 'java/lang/NoSuchMethodError': <clinit>> (0x00000000e8c0c6d0) thrown at [C:\src\android\AOSP-openjdk\external\jetbrains\jdk\hotspot\src\share\vm\prims\jni.cpp, line 1613]
Event: 56.332 Thread 0x0000000058a1a800 Exception <a 'java/lang/NoSuchMethodError': <clinit>> (0x00000000e8c0e350) thrown at [C:\src\android\AOSP-openjdk\external\jetbrains\jdk\hotspot\src\share\vm\prims\jni.cpp, line 1613]
Event: 62.694 Thread 0x0000000058a1a800 Implicit null exception at 0x0000000002e9c3ce to 0x0000000002e9c551

Events (10 events):
Event: 65.854 loading class com/android/resources/TouchScreen
Event: 65.854 loading class com/android/resources/TouchScreen done
Event: 65.854 loading class com/android/resources/KeyboardState
Event: 65.854 loading class com/android/resources/KeyboardState done
Event: 65.855 loading class com/android/resources/Keyboard
Event: 65.855 loading class com/android/resources/Keyboard done
Event: 65.856 loading class com/android/resources/NavigationState
Event: 65.856 loading class com/android/resources/NavigationState done
Event: 65.857 loading class com/android/resources/Navigation
Event: 65.857 loading class com/android/resources/Navigation done


Dynamic libraries:
0x000000013f7e0000 - 0x000000013f811000 	C:\Program Files\Android\Android Studio1\jre\bin\java.exe
0x00000000776c0000 - 0x0000000077869000 	C:\Windows\SYSTEM32\ntdll.dll
0x00000000774a0000 - 0x00000000775bf000 	C:\Windows\system32\kernel32.dll
0x000007fefd890000 - 0x000007fefd8fb000 	C:\Windows\system32\KERNELBASE.dll
0x000007fefdc80000 - 0x000007fefdd5b000 	C:\Windows\system32\ADVAPI32.dll
0x000007feff300000 - 0x000007feff39f000 	C:\Windows\system32\msvcrt.dll
0x000007feff7b0000 - 0x000007feff7cf000 	C:\Windows\SYSTEM32\sechost.dll
0x000007feff8a0000 - 0x000007feff9cd000 	C:\Windows\system32\RPCRT4.dll
0x00000000775c0000 - 0x00000000776ba000 	C:\Windows\system32\USER32.dll
0x000007fefdd90000 - 0x000007fefddf7000 	C:\Windows\system32\GDI32.dll
0x000007fefe250000 - 0x000007fefe25e000 	C:\Windows\system32\LPK.dll
0x000007feff7d0000 - 0x000007feff899000 	C:\Windows\system32\USP10.dll
0x000007fefbff0000 - 0x000007fefc1e4000 	C:\Windows\WinSxS\amd64_microsoft.windows.common-controls_6595b64144ccf1df_6.0.7601.17514_none_fa396087175ac9ac\COMCTL32.dll
0x000007fefe1d0000 - 0x000007fefe241000 	C:\Windows\system32\SHLWAPI.dll
0x000007fefdd60000 - 0x000007fefdd8e000 	C:\Windows\system32\IMM32.DLL
0x000007fefdb60000 - 0x000007fefdc69000 	C:\Windows\system32\MSCTF.dll
0x0000000072520000 - 0x00000000725f2000 	C:\Program Files\Android\Android Studio1\jre\jre\bin\msvcr100.dll
0x000000006b3a0000 - 0x000000006bbdc000 	C:\Program Files\Android\Android Studio1\jre\jre\bin\server\jvm.dll
0x000007fef39b0000 - 0x000007fef39b9000 	C:\Windows\system32\WSOCK32.dll
0x000007feff3c0000 - 0x000007feff40d000 	C:\Windows\system32\WS2_32.dll
0x000007fefdc70000 - 0x000007fefdc78000 	C:\Windows\system32\NSI.dll
0x000007fefa890000 - 0x000007fefa8cb000 	C:\Windows\system32\WINMM.dll
0x000007fefc750000 - 0x000007fefc75c000 	C:\Windows\system32\VERSION.dll
0x0000000077890000 - 0x0000000077897000 	C:\Windows\system32\PSAPI.DLL
0x000007fefbfd0000 - 0x000007fefbfdf000 	C:\Program Files\Android\Android Studio1\jre\jre\bin\verify.dll
0x000007fefb120000 - 0x000007fefb149000 	C:\Program Files\Android\Android Studio1\jre\jre\bin\java.dll
0x000007fef7f90000 - 0x000007fef7fa6000 	C:\Program Files\Android\Android Studio1\jre\jre\bin\zip.dll
0x000007fefe440000 - 0x000007feff1c8000 	C:\Windows\system32\SHELL32.dll
0x000007fefdfc0000 - 0x000007fefe1c3000 	C:\Windows\system32\ole32.dll
0x000007fefd610000 - 0x000007fefd61f000 	C:\Windows\system32\profapi.dll
0x000007fef7f70000 - 0x000007fef7f8a000 	C:\Program Files\Android\Android Studio1\jre\jre\bin\net.dll
0x000007fefce40000 - 0x000007fefce95000 	C:\Windows\system32\mswsock.dll
0x000007fefce30000 - 0x000007fefce37000 	C:\Windows\System32\wship6.dll
0x000007fef7f50000 - 0x000007fef7f61000 	C:\Program Files\Android\Android Studio1\jre\jre\bin\nio.dll
0x000007fef0e10000 - 0x000007fef0e2e000 	C:\Users\PB\.gradle\native\23\windows-amd64\native-platform.dll
0x000007fefcea0000 - 0x000007fefceb7000 	C:\Windows\system32\CRYPTSP.dll
0x000007fefcba0000 - 0x000007fefcbe7000 	C:\Windows\system32\rsaenh.dll
0x000007fefc960000 - 0x000007fefc97e000 	C:\Windows\system32\USERENV.dll
0x000007fefd540000 - 0x000007fefd54f000 	C:\Windows\system32\CRYPTBASE.dll
0x000007fefb0e0000 - 0x000007fefb107000 	C:\Windows\system32\IPHLPAPI.DLL
0x000007fefb110000 - 0x000007fefb11b000 	C:\Windows\system32\WINNSI.DLL
0x000007fefafe0000 - 0x000007fefaff1000 	C:\Windows\system32\dhcpcsvc6.DLL
0x000007fefaf80000 - 0x000007fefaf98000 	C:\Windows\system32\dhcpcsvc.DLL
0x000007fefc4f0000 - 0x000007fefc4fd000 	C:\Program Files\Android\Android Studio1\jre\jre\bin\management.dll
0x000007fefd4e0000 - 0x000007fefd537000 	C:\Windows\system32\apphelp.dll
0x000007fef7fb0000 - 0x000007fef80d5000 	C:\Windows\system32\dbghelp.dll

VM Arguments:
jvm_args: -Xmx1536m -Dfile.encoding=windows-1252 -Duser.country=FR -Duser.language=fr -Duser.variant 
java_command: org.gradle.launcher.daemon.bootstrap.GradleDaemon 3.3
java_class_path (initial): C:\Users\PB\.gradle\wrapper\dists\gradle-3.3-all\55gk2rcmfc6p2dg9u9ohc3hw9\gradle-3.3\lib\gradle-launcher-3.3.jar
Launcher Type: SUN_STANDARD

Environment Variables:
PATH=C:\ProgramData\Oracle\Java\javapath;C:\Ruby22-x64\bin;C:\Program Files (x86)\NVIDIA Corporation\PhysX\Common;C:\Windows\system32;C:\Windows;C:\Windows\System32\Wbem;C:\Windows\System32\WindowsPowerShell\v1.0\;C:\Program Files (x86)\Brackets\command;C:\sqlite\sqlite3
USERNAME=PB
OS=Windows_NT
PROCESSOR_IDENTIFIER=Intel64 Family 6 Model 23 Stepping 10, GenuineIntel



---------------  S Y S T E M  ---------------

OS: Windows 7 , 64 bit Build 7601 (6.1.7601.17514)

CPU:total 2 (2 cores per cpu, 1 threads per core) family 6 model 23 stepping 10, cmov, cx8, fxsr, mmx, sse, sse2, sse3, ssse3, tsc

Memory: 4k page, physical 4193524k(1530728k free), swap 8385204k(4008156k free)

vm_info: OpenJDK 64-Bit Server VM (25.112-b06) for windows-amd64 JRE (1.8.0_112-release-b06), built on Dec  8 2016 00:54:26 by "builder" with MS VC++ 10.0 (VS2010)

time: Sat Jul 15 22:41:34 2017
elapsed time: 66 seconds (0d 0h 1m 6s)

